<?xml version="1.0" encoding="UTF-8"?>
<!-- Generated by org.testng.reporters.JUnitXMLReporter -->
<testsuite ignored="0" hostname="GEIGIHWL200920" failures="1" tests="4" name="SignUp Email Flow Test" time="52.729" errors="0" timestamp="2023-05-19T19:16:44 IST">
  <testcase classname="com.tests.edvanza.SignUPEmailFlowTest" name="testbuildverification" time="0.039">
    <failure type="java.lang.AssertionError" message="expected [https://dev.edvanza.com/hom] but found [https://dev.edvanza.com/home]">
      <![CDATA[java.lang.AssertionError: expected [https://dev.edvanza.com/hom] but found [https://dev.edvanza.com/home]
at com.pages.edvanza.SignUpEmailFlow.verifyBuildVerificationURL(SignUpEmailFlow.java:109)
at com.tests.edvanza.SignUPEmailFlowTest.testbuildverification(SignUPEmailFlowTest.java:34)
at java.base/java.util.ArrayList.forEach(ArrayList.java:1511)
... Removed 33 stack frames]]>
    </failure>
  </testcase> <!-- testbuildverification -->
  <testcase classname="com.tests.edvanza.SignUPEmailFlowTest" name="testPreSignUpFlow" time="13.28"/>
  <testcase classname="com.tests.edvanza.SignUPEmailFlowTest" name="testSignUpEmailScreens" time="18.609"/>
  <testcase classname="com.tests.edvanza.SignUPEmailFlowTest" name="testOnboardingFlow" time="20.763"/>
</testsuite> <!-- SignUp Email Flow Test -->
