<?xml version="1.0" encoding="UTF-8"?>
<!-- Generated by org.testng.reporters.JUnitReportReporter -->
<testsuite hostname="GEIGIHWL200920" failures="0" tests="1" name="com.base.edvanza.BasePage" time="1.467" errors="1" timestamp="2022-11-07T19:32:31 IST" skipped="0">
  <testcase classname="com.base.edvanza.BasePage" name="setUp" time="1.467">
    <error message="session not created: This version of ChromeDriver only supports Chrome version 103
Current browser version is 107.0.5304.88 with binary path C:\Program Files (x86)\Google\Chrome\Application\chrome.exe
Build info: version: &#039;3.141.59&#039;, revision: &#039;e82be7d358&#039;, time: &#039;2018-11-14T08:17:03&#039;
System info: host: &#039;GEIGIHWL200920&#039;, ip: &#039;192.168.0.6&#039;, os.name: &#039;Windows 10&#039;, os.arch: &#039;amd64&#039;, os.version: &#039;10.0&#039;, java.version: &#039;15.0.2&#039;
Driver info: driver.version: ChromeDriver
remote stacktrace: Backtrace:
	Ordinal0 [0x006B5FD3+2187219]
	Ordinal0 [0x0064E6D1+1763025]
	Ordinal0 [0x00563E78+802424]
	Ordinal0 [0x005851F9+938489]
	Ordinal0 [0x00580DDC+921052]
	Ordinal0 [0x0057E691+910993]
	Ordinal0 [0x005B17F0+1120240]
	Ordinal0 [0x005B144A+1119306]
	Ordinal0 [0x005AC9A6+1100198]
	Ordinal0 [0x00586F80+946048]
	Ordinal0 [0x00587E76+949878]
	GetHandleVerifier [0x009590C2+2721218]
	GetHandleVerifier [0x0094AAF0+2662384]
	GetHandleVerifier [0x0074137A+526458]
	GetHandleVerifier [0x00740416+522518]
	Ordinal0 [0x00654EAB+1789611]
	Ordinal0 [0x006597A8+1808296]
	Ordinal0 [0x00659895+1808533]
	Ordinal0 [0x006626C1+1844929]
	BaseThreadInitThunk [0x75A9FA29+25]
	RtlGetAppContainerNamedObjectPath [0x77227A7E+286]
	RtlGetAppContainerNamedObjectPath [0x77227A4E+238]
" type="org.openqa.selenium.SessionNotCreatedException">
      <![CDATA[org.openqa.selenium.SessionNotCreatedException: session not created: This version of ChromeDriver only supports Chrome version 103
Current browser version is 107.0.5304.88 with binary path C:\Program Files (x86)\Google\Chrome\Application\chrome.exe
Build info: version: '3.141.59', revision: 'e82be7d358', time: '2018-11-14T08:17:03'
System info: host: 'GEIGIHWL200920', ip: '192.168.0.6', os.name: 'Windows 10', os.arch: 'amd64', os.version: '10.0', java.version: '15.0.2'
Driver info: driver.version: ChromeDriver
remote stacktrace: Backtrace:
Ordinal0 [0x006B5FD3+2187219]
Ordinal0 [0x0064E6D1+1763025]
Ordinal0 [0x00563E78+802424]
Ordinal0 [0x005851F9+938489]
Ordinal0 [0x00580DDC+921052]
Ordinal0 [0x0057E691+910993]
Ordinal0 [0x005B17F0+1120240]
Ordinal0 [0x005B144A+1119306]
Ordinal0 [0x005AC9A6+1100198]
Ordinal0 [0x00586F80+946048]
Ordinal0 [0x00587E76+949878]
GetHandleVerifier [0x009590C2+2721218]
GetHandleVerifier [0x0094AAF0+2662384]
GetHandleVerifier [0x0074137A+526458]
GetHandleVerifier [0x00740416+522518]
Ordinal0 [0x00654EAB+1789611]
Ordinal0 [0x006597A8+1808296]
Ordinal0 [0x00659895+1808533]
Ordinal0 [0x006626C1+1844929]
BaseThreadInitThunk [0x75A9FA29+25]
RtlGetAppContainerNamedObjectPath [0x77227A7E+286]
RtlGetAppContainerNamedObjectPath [0x77227A4E+238]

at java.base/jdk.internal.reflect.NativeConstructorAccessorImpl.newInstance0(Native Method)
at java.base/jdk.internal.reflect.NativeConstructorAccessorImpl.newInstance(NativeConstructorAccessorImpl.java:64)
at java.base/jdk.internal.reflect.DelegatingConstructorAccessorImpl.newInstance(DelegatingConstructorAccessorImpl.java:45)
at java.base/java.lang.reflect.Constructor.newInstanceWithCaller(Constructor.java:500)
at java.base/java.lang.reflect.Constructor.newInstance(Constructor.java:481)
at org.openqa.selenium.remote.W3CHandshakeResponse.lambda$errorHandler$0(W3CHandshakeResponse.java:62)
at org.openqa.selenium.remote.HandshakeResponse.lambda$getResponseFunction$0(HandshakeResponse.java:30)
at org.openqa.selenium.remote.ProtocolHandshake.lambda$createSession$0(ProtocolHandshake.java:126)
at java.base/java.util.stream.ReferencePipeline$3$1.accept(ReferencePipeline.java:195)
at java.base/java.util.Spliterators$ArraySpliterator.tryAdvance(Spliterators.java:958)
at java.base/java.util.stream.ReferencePipeline.forEachWithCancel(ReferencePipeline.java:127)
at java.base/java.util.stream.AbstractPipeline.copyIntoWithCancel(AbstractPipeline.java:502)
at java.base/java.util.stream.AbstractPipeline.copyInto(AbstractPipeline.java:488)
at java.base/java.util.stream.AbstractPipeline.wrapAndCopyInto(AbstractPipeline.java:474)
at java.base/java.util.stream.FindOps$FindOp.evaluateSequential(FindOps.java:150)
at java.base/java.util.stream.AbstractPipeline.evaluate(AbstractPipeline.java:234)
at java.base/java.util.stream.ReferencePipeline.findFirst(ReferencePipeline.java:543)
at org.openqa.selenium.remote.ProtocolHandshake.createSession(ProtocolHandshake.java:128)
at org.openqa.selenium.remote.ProtocolHandshake.createSession(ProtocolHandshake.java:74)
at org.openqa.selenium.remote.HttpCommandExecutor.execute(HttpCommandExecutor.java:136)
at org.openqa.selenium.remote.service.DriverCommandExecutor.execute(DriverCommandExecutor.java:83)
at org.openqa.selenium.remote.RemoteWebDriver.execute(RemoteWebDriver.java:552)
at org.openqa.selenium.remote.RemoteWebDriver.startSession(RemoteWebDriver.java:213)
at org.openqa.selenium.remote.RemoteWebDriver.<init>(RemoteWebDriver.java:131)
at org.openqa.selenium.chrome.ChromeDriver.<init>(ChromeDriver.java:181)
at org.openqa.selenium.chrome.ChromeDriver.<init>(ChromeDriver.java:168)
at org.openqa.selenium.chrome.ChromeDriver.<init>(ChromeDriver.java:157)
at com.base.edvanza.BasePage.initBrowsers(BasePage.java:66)
at com.base.edvanza.BasePage.setUp(BasePage.java:159)
at java.base/jdk.internal.reflect.NativeMethodAccessorImpl.invoke0(Native Method)
at java.base/jdk.internal.reflect.NativeMethodAccessorImpl.invoke(NativeMethodAccessorImpl.java:64)
at java.base/jdk.internal.reflect.DelegatingMethodAccessorImpl.invoke(DelegatingMethodAccessorImpl.java:43)
at java.base/java.lang.reflect.Method.invoke(Method.java:564)
at org.testng.internal.MethodInvocationHelper.invokeMethod(MethodInvocationHelper.java:133)
at org.testng.internal.MethodInvocationHelper.invokeMethodConsideringTimeout(MethodInvocationHelper.java:62)
at org.testng.internal.ConfigInvoker.invokeConfigurationMethod(ConfigInvoker.java:385)
at org.testng.internal.ConfigInvoker.invokeConfigurations(ConfigInvoker.java:321)
at org.testng.SuiteRunner.privateRun(SuiteRunner.java:317)
at org.testng.SuiteRunner.run(SuiteRunner.java:276)
at org.testng.SuiteRunnerWorker.runSuite(SuiteRunnerWorker.java:53)
at org.testng.SuiteRunnerWorker.run(SuiteRunnerWorker.java:96)
at org.testng.TestNG.runSuitesSequentially(TestNG.java:1212)
at org.testng.TestNG.runSuitesLocally(TestNG.java:1134)
at org.testng.TestNG.runSuites(TestNG.java:1063)
at org.testng.TestNG.run(TestNG.java:1031)
at org.testng.remote.AbstractRemoteTestNG.run(AbstractRemoteTestNG.java:115)
at org.testng.remote.RemoteTestNG.initAndRun(RemoteTestNG.java:251)
at org.testng.remote.RemoteTestNG.main(RemoteTestNG.java:77)
]]>
    </error>
  </testcase> <!-- setUp -->
  <system-out/>
</testsuite> <!-- com.base.edvanza.BasePage -->
